<?xml version="1.0" encoding="UTF-8"?>
<testng-results ignored="0" total="1" passed="1" failed="0" skipped="0">
  <reporter-output>
  </reporter-output>
  <suite started-at="2022-04-29T16:41:36 IST" name="Default suite" finished-at="2022-04-29T16:41:36 IST" duration-ms="34">
    <groups>
    </groups>
    <test started-at="2022-04-29T16:41:36 IST" name="Default test" finished-at="2022-04-29T16:41:36 IST" duration-ms="34">
      <class name="com.practice.JavaUtil">
        <test-method signature="createRandomnumber()[pri:0, instance:com.practice.JavaUtil@3f6b0be5]" started-at="2022-04-29T16:41:36 IST" name="createRandomnumber" finished-at="2022-04-29T16:41:36 IST" duration-ms="7" status="PASS">
          <reporter-output>
          </reporter-output>
        </test-method> <!-- createRandomnumber -->
      </class> <!-- com.practice.JavaUtil -->
    </test> <!-- Default test -->
  </suite> <!-- Default suite -->
</testng-results>
